     1                                 %line 1+1 ast02.asm
     2                                 
     3                                 
     4                                 
     5                                 
     6                                 
     7                                 
     8                                 [section .data]
     9                                 
    10                                 
    11                                 
    12                                 TRUE equ 1
    13                                 FALSE equ 0
    14                                 
    15                                 EXIT_SUCCESS equ 0
    16                                 SYS_exit equ 60
    17                                 
    18                                 NULL equ 0
    19                                 
    20                                 
    21                                 
    22 00000000 1E                     bVar1 db 30
    23 00000001 13                     bVar2 db 19
    24 00000002 00                     bAns1 db 0
    25 00000003 00                     bAns2 db 0
    26 00000004 EB17                   wVar1 dw 6123
    27 00000006 6A08                   wVar2 dw 2154
    28 00000008 0000                   wAns1 dw 0
    29 0000000A 0000                   wAns2 dw 0
    30 0000000C 5AFFF31C               dVar1 dd 485752666
    31 00000010 FA6C3806               dVar2 dd 104361210
    32 00000014 7CD0FEFF               dVar3 dd -77700
    33 00000018 00000000               dAns1 dd 0
    34 0000001C 00000000               dAns2 dd 0
    35 00000020 00004441               flt1 dd 12.25
    36 00000024 0000E4C0               flt2 dd -7.125
    37 00000028 D00F4940               pi dd 3.14159
    38 0000002C AD5DDD711C000000       qVar1 dq 122169417133
    39 00000034 43532032313800         class db "CS 218", NULL
    40 0000003B 4564204A6F7267656E-    iname db "Ed Jorgensen", NULL
    41 0000003B 73656E00           
    42 00000048 446F7567204261656B-    sname db "Doug Baek", NULL
    43 00000048 00                 
    44                                 
    45                                 
    46                                 
    47                                 
    48                                 
    49                                 
    50                                 
    51                                 [section .text]
    52                                 [global _start]
    53                                 _start:
    54                                 
    55                                 
    56 00000000 8A0425[00000000]        mov al, byte[bVar1]
    57 00000007 020425[00000000]        add al, byte[bVar2]
    58 0000000E 880425[00000000]        mov byte[bAns1],al
    59                                 
    60 00000015 8A0425[00000000]        mov al, byte[bVar1]
    61 0000001C 2A0425[00000000]        sub al, byte[bVar2]
    62 00000023 880425[00000000]        mov byte[bAns2], al
    63                                 
    64 0000002A 668B0425[00000000]      mov ax, word[wVar1]
    65 00000032 66030425[00000000]      add ax, word[wVar2]
    66 0000003A 66890425[00000000]      mov word[wAns1], ax
    67                                 
    68 00000042 668B0425[00000000]      mov ax, word[wVar1]
    69 0000004A 662B0425[00000000]      sub ax, word[wVar2]
    70 00000052 66890425[00000000]      mov word[wAns2], ax
    71                                 
    72 0000005A 8B0425[00000000]        mov eax, dword[dVar1]
    73 00000061 030425[00000000]        add eax, dword[dVar2]
    74 00000068 890425[00000000]        mov dword[dAns1], eax
    75                                 
    76 0000006F 8B0425[00000000]        mov eax, dword[dVar1]
    77 00000076 2B0425[00000000]        sub eax, dword[dVar2]
    78 0000007D 890425[00000000]        mov dword[dAns2], eax
    79                                 
    80                                 last:
    81 00000084 B83C000000              mov eax, SYS_exit
    82 00000089 BB00000000              mov ebx, EXIT_SUCCESS
    83 0000008E 0F05                    syscall
