     1                                 %line 1+1 ast05.asm
     2                                 
     3                                 
     4                                 
     5                                 
     6                                 
     7                                 [section .data]
     8                                 
     9                                 
    10                                 
    11                                 NULL equ 0
    12                                 
    13                                 TRUE equ 1
    14                                 FALSE equ 0
    15                                 
    16                                 EXIT_SUCCESS equ 0
    17                                 SYS_exit equ 60
    18                                 
    19                                 
    20                                 
    21                                 
    22 00000000 790400006F04000063-    sideLens dd 1145, 1135, 1123, 1123, 1123
    23 00000000 040000630400006304-
    24 00000000 0000               
    25 00000014 E6040000AE05000080-     dd 1254, 1454, 1152, 1164, 1542
    26 00000014 0400008C0400000606-
    27 00000014 0000               
    28 00000028 49050000B10500009E-     dd 1353, 1457, 1182, 1142, 1354
    29 00000028 040000760400004A05-
    30 00000028 0000               
    31 0000003C 540500006E04000082-     dd 1364, 1134, 1154, 1344, 1142
    32 0000003C 040000400500007604-
    33 0000003C 0000               
    34 00000050 95040000070600007F-     dd 1173, 1543, 1151, 1352, 1434
    35 00000050 040000480500009A05-
    36 00000050 0000               
    37 00000064 4B0500000D04000063-     dd 1355, 1037, 1123, 1024, 1453
    38 00000064 04000000040000AD05-
    39 00000064 0000               
    40 00000078 6E0400005608000084-     dd 1134, 2134, 1156, 1134, 1142
    41 00000078 0400006E0400007604-
    42 00000078 0000               
    43 0000008C F3040000500400006E-     dd 1267, 1104, 1134, 1246, 1123
    44 0000008C 040000DE0400006304-
    45 0000008C 0000               
    46 000000A0 6E0400008904000098-     dd 1134, 1161, 1176, 1157, 1142
    47 000000A0 040000850400007604-
    48 000000A0 0000               
    49 000000B4 81040000A9040000A0-     dd 1153, 1193, 1184, 1142, 2034
    50 000000B4 04000076040000F207-
    51 000000B4 0000               
    52                                 
    53 000000C8 85007200AD00830073-    apothemLens dw 133, 114, 173, 131, 115
    54 000000C8 00                 
    55 000000D2 A400AD00AE007B009C-     dw 164, 173, 174, 123, 156
    56 000000D2 00                 
    57 000000DC 9000980083008E009C-     dw 144, 152, 131, 142, 156
    58 000000DC 00                 
    59 000000E6 73007C008800AF0092-     dw 115, 124, 136, 175, 146
    60 000000E6 00                 
    61 000000F0 71007B009900A70087-     dw 113, 123, 153, 167, 135
    62 000000F0 00                 
    63 000000FA 72008100A400A70086-     dw 114, 129, 164, 167, 134
    64 000000FA 00                 
    65 00000104 74007100A4009900A5-     dw 116, 113, 164, 153, 165
    66 00000104 00                 
    67 0000010E 7E0070009D00A70086-     dw 126, 112, 157, 167, 134
    68 0000010E 00                 
    69 00000118 7500720075007D0099-     dw 117, 114, 117, 125, 153
    70 00000118 00                 
    71 00000122 7B00AD0073006A0071-     dw 123, 173, 115, 106, 113
    72 00000122 00                 
    73                                 
    74 0000012C 05000000               length dd 5
    75                                 
    76 00000130 00000000               areaMin dd 0
    77 00000134 00000000               areaMid dd 0
    78 00000138 00000000               areaMax dd 0
    79 0000013C 00000000               areaSum dd 0
    80 00000140 00000000               areaAve dd 0
    81                                 
    82 00000144 00000000               perimMin dd 0
    83 00000148 00000000               perimMid dd 0
    84 0000014C 00000000               perimMax dd 0
    85 00000150 00000000               perimSum dd 0
    86 00000154 00000000               perimAve dd 0
    87                                 
    88                                 
    89                                 
    90                                 
    91                                 
    92                                 [section .bss]
    93 00000000 <gap>                  hexAreas resd 50
    94 000000C8 <gap>                  hexPerims resd 50
    95                                 
    96                                 
    97                                 
    98                                 
    99                                 
   100                                 
   101                                 
   102                                 
   103                                 [section .text]
   104                                 [global _start]
   105                                 _start:
   106                                 
   107                                 
   108                                 
   109                                 
   110                                 
   111                                 
   112                                 
   113                                 
   114 00000000 48C7C000000000         mov rax, 0
   115 00000007 B900000000             mov ecx, 0
   116 0000000C 8B0C25[00000000]       mov ecx, dword[length]
   117 00000013 FFC9                   dec ecx
   118 00000015 48C7C300000000         mov rbx, 0
   119 0000001C BB[00000000]           mov ebx, sideLens
   120                                 hexPerimLP:
   121 00000021 678B048B               mov eax, dword[ebx + (ecx * 4)]
   122 00000025 41BB00000000           mov r11d, 0
   123 0000002B 41BB06000000           mov r11d, 6
   124 00000031 41F7E3                 mul r11d
   125 00000034 6789048D[00000000]     mov dword[hexPerims + (ecx * 4)], eax
   126 0000003C 010425[00000000]       add dword[perimSum], eax
   127                                 
   128                                 
   129 00000043 FFC9                   dec ecx
   130 00000045 83F900                 cmp ecx, 0
   131 00000048 7DD5                   jge hexPerimLP
   132                                 
   133 0000004A 41BB00000000           mov r11d, 0
   134                                 
   135                                 
   136                                 
   137                                 
   138                                 
   139 00000050 48C7C000000000         mov rax, 0
   140 00000057 B900000000             mov ecx, 0
   141 0000005C 48C7C300000000         mov rbx, 0
   142 00000063 BB[00000000]           mov ebx, hexPerims
   143 00000068 41B900000000           mov r9d, 0
   144                                 hexAreasLP:
   145 0000006E 678B048B               mov eax, dword[ebx + (ecx * 4)]
   146 00000072 49C7C200000000         mov r10, 0
   147 00000079 41BA[00000000]         mov r10d, apothemLens
   148 0000007F 67450FB70C4A           movzx r9d, word[r10d + (ecx * 2)]
   149 00000085 41F7E1                 mul r9d
   150 00000088 49C7C300000000         mov r11, 0
   151 0000008F 41BB02000000           mov r11d, 2
   152 00000095 41F7F3                 div r11d
   153 00000098 6789048D[00000000]     mov dword[hexAreas + (ecx * 4)], eax
   154 000000A0 010425[00000000]       add dword[areaSum], eax
   155                                 
   156                                 
   157 000000A7 FFC1                   inc ecx
   158 000000A9 3B0C25[00000000]       cmp ecx, dword[length]
   159 000000B0 7CBA                   jl hexAreasLP
   160                                 
   161                                 hexAreaStatLp:
   162 000000B2 48C7C000000000         mov rax, 0
   163 000000B9 48C7C300000000         mov rbx, 0
   164 000000C0 BB[00000000]           mov ebx, hexAreas
   165 000000C5 678B03                 mov eax, dword[ebx]
   166 000000C8 890425[00000000]       mov dword[areaMin], eax
   167 000000CF 890425[00000000]       mov dword[areaMax], eax
   168                                 
   169 000000D6 B900000000             mov ecx, 0
   170 000000DB 8B0C25[00000000]       mov ecx, dword[length]
   171 000000E2 FFC9                   dec ecx
   172                                 
   173                                 hexAreaMinMaxLp:
   174                                 
   175 000000E4 678B048B               mov eax, dword[ebx + (ecx * 4)]
   176 000000E8 390425[00000000]       cmp dword[areaMin], eax
   177 000000EF 7C05                   jl notAreaMin
   178 000000F1 890425[00000000]       mov dword[areaMin], eax
   179                                 
   180                                 notAreaMin:
   181 000000F8 390425[00000000]       cmp dword[areaMax], eax
   182 000000FF 7F05                   jg notAreaMax
   183 00000101 890425[00000000]       mov dword[areaMax], eax
   184                                 
   185                                 notAreaMax:
   186 00000108 FFC9                   dec ecx
   187 0000010A 83F900                 cmp ecx, 0
   188 0000010D 7FD3                   jg hexAreaMinMaxLp
   189                                 
   190 0000010F 49C7C200000000         mov r10, 0
   191 00000116 49C7C300000000         mov r11, 0
   192                                 
   193                                 hexPerimStatLp:
   194 0000011D 48C7C000000000         mov rax, 0
   195 00000124 48C7C300000000         mov rbx, 0
   196 0000012B BB[00000000]           mov ebx, hexPerims
   197 00000130 678B03                 mov eax, dword[ebx]
   198 00000133 890425[00000000]       mov dword[perimMin], eax
   199 0000013A 890425[00000000]       mov dword[perimMax], eax
   200                                 
   201 00000141 B900000000             mov ecx, 0
   202 00000146 8B0C25[00000000]       mov ecx, dword[length]
   203 0000014D FFC9                   dec ecx
   204                                 
   205                                 hexPerimMinMaxLp:
   206                                 
   207 0000014F 678B048B               mov eax, dword[ebx + (ecx * 4)]
   208 00000153 390425[00000000]       cmp dword[perimMin], eax
   209 0000015A 7C05                   jl notPerimMin
   210 0000015C 890425[00000000]       mov dword[perimMin], eax
   211                                 
   212                                 notPerimMin:
   213 00000163 390425[00000000]       cmp dword[perimMax], eax
   214 0000016A 7F05                   jg notperimMax
   215 0000016C 890425[00000000]       mov dword[perimMax], eax
   216                                 
   217                                 notperimMax:
   218 00000173 FFC9                   dec ecx
   219 00000175 83F900                 cmp ecx, 0
   220 00000178 7FD3                   jg hexPerimMinMaxLp
   221                                 
   222                                 
   223 0000017A 48C7C000000000         mov rax, 0
   224 00000181 48C7C200000000         mov rdx, 0
   225 00000188 48C7C100000000         mov rcx, 0
   226                                 
   227 0000018F 8B0425[00000000]       mov eax, dword[length]
   228 00000196 B902000000             mov ecx, 2
   229 0000019B F7F1                   div ecx
   230                                 
   231 0000019D 83FA00                 cmp edx, 0
   232 000001A0 7534                   jne isOdd
   233                                 
   234 000001A2 BB[00000000]           mov ebx, hexAreas
   235 000001A7 B900000000             mov ecx, 0
   236 000001AC FFC8                   dec eax
   237 000001AE 678B0C83               mov ecx, dword[ebx + (eax * 4)]
   238 000001B2 FFC0                   inc eax
   239 000001B4 67030C83               add ecx, dword[ebx + (eax * 4)]
   240 000001B8 48C7C000000000         mov rax, 0
   241 000001BF 48C7C200000000         mov rdx, 0
   242                                 
   243 000001C6 89C8                   mov eax, ecx
   244 000001C8 B902000000             mov ecx, 2
   245 000001CD F7F1                   div ecx
   246 000001CF 890425[00000000]       mov dword[areaMid], eax
   247                                 
   248                                 
   249 000001D6 EB2E                   jmp finishThis
   250                                 isOdd:
   251                                 
   252 000001D8 48C7C000000000         mov rax, 0
   253 000001DF 8B0425[00000000]       mov eax, dword[length]
   254 000001E6 48C7C100000000         mov rcx, 0
   255 000001ED B902000000             mov ecx, 2
   256 000001F2 F7F1                   div ecx
   257 000001F4 B900000000             mov ecx, 0
   258 000001F9 678B0C85[00000000]     mov ecx, dword[hexAreas + (eax * 4)]
   259 00000201 890C25[00000000]       mov dword[areaMid], ecx
   260                                 
   261                                 finishThis:
   262                                 
   263                                 
   264 00000208 48C7C000000000         mov rax, 0
   265 0000020F 48C7C200000000         mov rdx, 0
   266 00000216 48C7C100000000         mov rcx, 0
   267                                 
   268 0000021D 8B0425[00000000]       mov eax, dword[length]
   269 00000224 B902000000             mov ecx, 2
   270 00000229 F7F1                   div ecx
   271                                 
   272 0000022B 83FA00                 cmp edx, 0
   273 0000022E 7534                   jne isOdd2
   274                                 
   275 00000230 BB[00000000]           mov ebx, hexPerims
   276 00000235 B900000000             mov ecx, 0
   277 0000023A FFC8                   dec eax
   278 0000023C 678B0C83               mov ecx, dword[ebx + (eax * 4)]
   279 00000240 FFC0                   inc eax
   280 00000242 67030C83               add ecx, dword[ebx + (eax * 4)]
   281 00000246 48C7C000000000         mov rax, 0
   282 0000024D 48C7C200000000         mov rdx, 0
   283                                 
   284 00000254 89C8                   mov eax, ecx
   285 00000256 B902000000             mov ecx, 2
   286 0000025B F7F1                   div ecx
   287 0000025D 890425[00000000]       mov dword[perimMid], eax
   288                                 
   289                                 
   290 00000264 EB2E                   jmp finishThis2
   291                                 isOdd2:
   292                                 
   293 00000266 48C7C000000000         mov rax, 0
   294 0000026D 8B0425[00000000]       mov eax, dword[length]
   295 00000274 48C7C100000000         mov rcx, 0
   296 0000027B B902000000             mov ecx, 2
   297 00000280 F7F1                   div ecx
   298 00000282 B900000000             mov ecx, 0
   299 00000287 678B0C85[00000000]     mov ecx, dword[hexPerims + (eax * 4)]
   300 0000028F 890C25[00000000]       mov dword[perimMid], ecx
   301                                 
   302                                 finishThis2:
   303                                 
   304                                 
   305                                 
   306 00000296 48C7C000000000         mov rax, 0
   307 0000029D 48C7C100000000         mov rcx, 0
   308 000002A4 48C7C200000000         mov rdx, 0
   309 000002AB 8B0425[00000000]       mov eax, dword[perimSum]
   310 000002B2 8B0C25[00000000]       mov ecx, dword[length]
   311 000002B9 F7F1                   div ecx
   312 000002BB 890425[00000000]       mov dword[perimAve], eax
   313                                 
   314 000002C2 48C7C200000000         mov rdx, 0
   315 000002C9 48C7C000000000         mov rax, 0
   316 000002D0 8B0425[00000000]       mov eax, dword[areaSum]
   317 000002D7 F7F1                   div ecx
   318 000002D9 890425[00000000]       mov dword[areaAve], eax
   319                                 
   320                                 
   321                                 last:
   322 000002E0 B83C000000              mov eax, SYS_exit
   323 000002E5 BB00000000              mov ebx, EXIT_SUCCESS
   324 000002EA 0F05                    syscall
