     1                                 %line 1+1 ast07.asm
     2                                 
     3                                 
     4                                 
     5                                 
     6                                 
     7                                 
     8                                 
     9                                 
    10                                 
    11                                 
    12                                 
    13                                 
    14                                 
    15                                 
    16                                 
    17                                 
    18                                 
    19                                 
    20                                 %line 102+1 ast07.asm
    21                                 
    22                                 
    23                                 
    24                                 
    25                                 
    26                                 
    27                                 
    28                                 
    29                                 
    30                                 
    31                                 
    32                                 
    33                                 %line 142+1 ast07.asm
    34                                 
    35                                 
    36                                 
    37                                 [section .data]
    38                                 
    39                                 
    40                                 
    41                                 
    42                                 TRUE equ 1
    43                                 FALSE equ 0
    44                                 
    45                                 EXIT_SUCCESS equ 0
    46                                 
    47                                 STDIN equ 0
    48                                 STDOUT equ 1
    49                                 STDERR equ 2
    50                                 
    51                                 SYS_read equ 0
    52                                 SYS_write equ 1
    53                                 SYS_open equ 2
    54                                 SYS_close equ 3
    55                                 SYS_fork equ 57
    56                                 SYS_exit equ 60
    57                                 SYS_creat equ 85
    58                                 SYS_time equ 201
    59                                 
    60                                 LF equ 10
    61                                 NULL equ 0
    62                                 ESC equ 27
    63                                 
    64                                 
    65                                 
    66                                 
    67 00000000 59040000D004000062-    lst dd 1113, 1232, 2146, 1376, 5120, 2356, 164, 4565, 155, 3157
    68 00000000 080000600500000014-
    69 00000000 000034090000A40000-
    70 00000000 00D51100009B000000-
    71 00000000 550C0000           
    72 00000028 F702000046010000AB-     dd 759, 326, 171, 147, 5628, 7527, 7569, 177, 6785, 3514
    73 00000028 00000093000000FC15-
    74 00000028 0000671D0000911D00-
    75 00000028 00B1000000811A0000-
    76 00000028 BA0D0000           
    77 00000050 E9030000800000006D-     dd 1001, 128, 1133, 1105, 327, 101, 115, 1108, 1, 115
    78 00000050 040000510400004701-
    79 00000050 000065000000730000-
    80 00000050 005404000001000000-
    81 00000050 73000000           
    82 00000078 CB040000CA04000009-     dd 1227, 1226, 5129, 117, 107, 105, 109, 999, 150, 414
    83 00000078 140000750000006B00-
    84 00000078 0000690000006D0000-
    85 00000078 00E703000096000000-
    86 00000078 9E010000           
    87 000000A0 6B000000D7170000F5-     dd 107, 6103, 245, 6440, 1465, 2311, 254, 4528, 1913, 6722
    88 000000A0 00000028190000B905-
    89 000000A0 000007090000FE0000-
    90 000000A0 00B011000079070000-
    91 000000A0 421A0000           
    92 000000C8 7D0400007E00000027-     dd 1149, 126, 5671, 4647, 628, 327, 2390, 177, 8275, 614
    93 000000C8 160000271200007402-
    94 000000C8 000047010000560900-
    95 000000C8 00B100000053200000-
    96 000000C8 66020000           
    97 000000F0 310C00009F01000067-     dd 3121, 415, 615, 122, 7217, 1, 410, 1129, 812, 2134
    98 000000F0 0200007A000000311C-
    99 000000F0 0000010000009A0100-
   100 000000F0 00690400002C030000-
   101 000000F0 56080000           
   102 00000118 DD000000BA08000097-     dd 221, 2234, 151, 432, 114, 1629, 114, 522, 2413, 131
   103 00000118 000000B00100007200-
   104 00000118 00005D060000720000-
   105 00000118 000A0200006D090000-
   106 00000118 83000000           
   107 00000140 071600007E0000008A-     dd 5639, 126, 1162, 441, 127, 877, 199, 679, 1101, 3414
   108 00000140 040000B90100007F00-
   109 00000140 00006D030000C70000-
   110 00000140 00A70200004D040000-
   111 00000140 560D0000           
   112 00000168 35080000850000006D-     dd 2101, 133, 1133, 2450, 532, 8619, 115, 1618, 9999, 115
   113 00000168 040000920900001402-
   114 00000168 0000AB210000730000-
   115 00000168 00520600000F270000-
   116 00000168 73000000           
   117 00000190 DB0000002C0C000064-     dd 219, 3116, 612, 217, 127, 6787, 4569, 679, 675, 4314
   118 00000190 020000D90000007F00-
   119 00000190 0000831A0000D91100-
   120 00000190 00A7020000A3020000-
   121 00000190 DA100000           
   122 000001B8 5004000039030000A0-     dd 1104, 825, 1184, 2143, 1176, 134, 4626, 100, 4566, 346
   123 000001B8 0400005F0800009804-
   124 000001B8 000086000000121200-
   125 000001B8 0064000000D6110000-
   126 000001B8 5A010000           
   127 000001E0 BE040000821A000069-     dd 1214, 6786, 617, 183, 512, 7881, 8320, 3467, 559, 1190
   128 000001E0 020000B70000000002-
   129 000001E0 0000C91E0000802000-
   130 000001E0 008B0D00002F020000-
   131 000001E0 A6040000           
   132 00000208 670000007000000001-     dd 103, 112, 1, 2186, 191, 86, 134, 1125, 5675, 476
   133 00000208 0000008A080000BF00-
   134 00000208 000056000000860000-
   135 00000208 00650400002B160000-
   136 00000208 DC010000           
   137 00000230 64000000010000007A-     dd 100, 1, 1146, 100, 101, 1, 5616, 5662, 6328, 2342
   138 00000230 040000640000006500-
   139 00000230 000001000000F01500-
   140 00000230 001E160000B8180000-
   141 00000230 26090000           
   142 00000258 590800004108000087-     dd 2137, 2113, 647, 114, 115, 6571, 7624, 128, 113, 3112
   143 00000258 020000720000007300-
   144 00000258 0000AB190000C81D00-
   145 00000258 008000000071000000-
   146 00000258 280C0000           
   147 00000280 D40200003C010000C1-     dd 724, 316, 1217, 2183, 4352, 121, 320, 4540, 5679, 190
   148 00000280 040000870800000011-
   149 00000280 000079000000400100-
   150 00000280 00BC1100002F160000-
   151 00000280 BE000000           
   152 000002A8 A52300007400000062-     dd 9125, 116, 1122, 117, 127, 5677, 101, 3727, 6512, 3184
   153 000002A8 040000750000007F00-
   154 000002A8 00002D160000650000-
   155 000002A8 008F0E000070190000-
   156 000002A8 700C0000           
   157 000002D0 69070000E6180000BE-     dd 1897, 6374, 190, 1667, 1224, 7123, 116, 126, 6784, 2329
   158 000002D0 00000083060000C804-
   159 000002D0 0000D31B0000740000-
   160 000002D0 007E000000801A0000-
   161 000002D0 19090000           
   162 000002F8 680000007C00000058-     dd 104, 124, 1112, 187, 176, 7534, 2126, 6112, 156, 103
   163 000002F8 040000BB000000B000-
   164 000002F8 00006E1D00004E0800-
   165 000002F8 00E01700009C000000-
   166 000002F8 67000000           
   167 00000320 81040000AC0000007A-     dd 1153, 172, 1146, 2176, 170, 156, 164, 165, 155, 5156
   168 00000320 04000080080000AA00-
   169 00000320 00009C000000A40000-
   170 00000320 00A50000009B000000-
   171 00000320 24140000           
   172 00000348 7E030000B518000064-     dd 894, 6325, 100, 143, 276, 5634, 7526, 413, 7686, 563
   173 00000348 0000008F0000001401-
   174 00000348 000002160000661D00-
   175 00000348 009D010000061E0000-
   176 00000348 33020000           
   177 00000370 FF0100007F0100006D-     dd 511, 383, 1133, 2150, 825, 5721, 615, 4568, 7813, 1231
   178 00000370 040000660800003903-
   179 00000370 000059160000670200-
   180 00000370 00D8110000851E0000-
   181 00000370 CF040000           
   182 00000398 E703000092000000A2-     dd 999, 146, 162, 147, 157, 167, 169, 177, 175, 144
   183 00000398 000000930000009D00-
   184 00000398 0000A7000000A90000-
   185 00000398 00B1000000AF000000-
   186 00000398 90000000           
   187 000003C0 97150000400500006A-     dd 5527, 1344, 1130, 2172, 224, 7525, 100, 1, 100, 1134
   188 000003C0 0400007C080000E000-
   189 000003C0 0000651D0000640000-
   190 000003C0 000100000064000000-
   191 000003C0 6E040000           
   192 000003E8 B50000009B00000079-     dd 181, 155, 1145, 132, 167, 185, 150, 149, 182, 434
   193 000003E8 04000084000000A700-
   194 000003E8 0000B9000000960000-
   195 000003E8 0095000000B6000000-
   196 000003E8 B2010000           
   197 00000410 4502000071020000AB-     dd 581, 625, 6315, 1, 617, 855, 6737, 129, 4512, 1
   198 00000410 180000010000006902-
   199 00000410 000057030000511A00-
   200 00000410 0081000000A0110000-
   201 00000410 01000000           
   202 00000438 B1000000A4000000A0-     dd 177, 164, 160, 1172, 184, 175, 166, 6762, 158, 4572
   203 00000438 00000094040000B800-
   204 00000438 0000AF000000A60000-
   205 00000438 006A1A00009E000000-
   206 00000438 DC110000           
   207 00000460 A11900001B0100006D-     dd 6561, 283, 1133, 1150, 135, 5631, 8185, 178, 1197, 185
   208 00000460 0400007E0400008700-
   209 00000460 0000FF150000F91F00-
   210 00000460 00B2000000AD040000-
   211 00000460 B9000000           
   212 00000488 89020000DE1800008A-     dd 649, 6366, 1162, 167, 167, 177, 169, 1177, 175, 1169
   213 00000488 040000A7000000A700-
   214 00000488 0000B1000000A90000-
   215 00000488 0099040000AF000000-
   216 00000488 91040000           
   217                                 
   218 000004B0 2C010000               len dd 300
   219                                 
   220 000004B4 00000000               min dd 0
   221 000004B8 00000000               med dd 0
   222 000004BC 00000000               max dd 0
   223 000004C0 00000000               sum dd 0
   224 000004C4 00000000               avg dd 0
   225                                 
   226                                 
   227                                 
   228                                 
   229 000004C8 00000000               h dd 0
   230 000004CC 00000000               i dd 0
   231 000004D0 00000000               j dd 0
   232 000004D4 00000000               tmp dd 0
   233 000004D8 06000000               dSix dd 6
   234 000004DC 02000000               dTwo dd 2
   235 000004E0 03000000               dThree dd 3
   236                                 
   237                                 
   238                                 
   239                                 
   240                                 
   241                                 MAX_STR_SIZE equ 12
   242                                 
   243 000004E4 0A00                   newLine db LF, NULL
   244                                 
   245 000004E6 0A2D2D2D2D2D2D2D2D-    hdr db LF, "---------------------------"
   246 000004E6 2D2D2D2D2D2D2D2D2D-
   247 000004E6 2D2D2D2D2D2D2D2D2D-
   248 000004E6 2D                 
   249 00000502 2D2D2D2D2D2D2D2D2D-     db "---------------------------"
   250 00000502 2D2D2D2D2D2D2D2D2D-
   251 00000502 2D2D2D2D2D2D2D2D2D 
   252 0000051D 0A1B5B316D43532032-     db LF, ESC, "[1m", "CS 218 - Assignment #7", ESC, "[0m"
   253 0000051D 3138202D2041737369-
   254 0000051D 676E6D656E74202337-
   255 0000051D 1B5B306D           
   256 0000053C 0A5368656C6C20536F-     db LF, "Shell Sort", LF, LF, NULL
   257 0000053C 72740A0A00         
   258                                 
   259 0000054A 4D696E696D756D3A20-    hdrMin db "Minimum:  ", NULL
   260 0000054A 2000               
   261 00000555 4D6178696D756D3A20-    hdrMax db "Maximum:  ", NULL
   262 00000555 2000               
   263 00000560 4D656469616E3A2020-    hdrMed db "Median:   ", NULL
   264 00000560 2000               
   265 0000056B 53756D3A2020202020-    hdrSum db "Sum:      ", NULL
   266 0000056B 2000               
   267 00000576 417665726167653A20-    hdrAve db "Average:  ", NULL
   268 00000576 2000               
   269                                 
   270                                 
   271                                 
   272                                 [section .bss]
   273                                 
   274 00000000 <gap>                  tmpString resb MAX_STR_SIZE
   275                                 
   276                                 
   277                                 
   278                                 [section .text]
   279                                 [global _start]
   280                                 _start:
   281                                 
   282                                 
   283                                 
   284                                 
   285                                 
   286 00000000 48C7C000000000         mov rax, 0
   287 00000007 48C7C100000000         mov rcx, 0
   288 0000000E 8B0C25[00000000]       mov ecx, dword[len]
   289                                 
   290                                 sumLp:
   291 00000015 678B048D[00000000]     mov eax, dword[lst + (ecx*4)]
   292 0000001D 010425[00000000]       add dword[sum], eax
   293 00000024 E2ED                   loop sumLp
   294                                 
   295 00000026 F73425[00000000]       div dword[len]
   296 0000002D 890425[00000000]       mov dword[avg], eax
   297                                 
   298                                 
   299                                 
   300                                 
   301                                 
   302                                 
   303                                 
   304                                 
   305                                 
   306 00000034 48C7C000000000         mov rax, 0
   307 0000003B B801000000             mov eax, 1
   308 00000040 48C7C300000000         mov rbx, 0
   309 00000047 49C7C100000000         mov r9, 0
   310                                 
   311 0000004E 49C7C200000000         mov r10, 0
   312                                 
   313                                 
   314                                 
   315                                 
   316                                 whileLp:
   317 00000055 F72425[00000000]       mul dword[dThree]
   318 0000005C 83C001                 add eax, 1
   319 0000005F 3B0425[00000000]       cmp eax, dword[len]
   320 00000066 72EB                   jb whileLp
   321                                 
   322                                 
   323                                 
   324                                 whileLp2:
   325                                 
   326                                 
   327 00000068 89C3                    mov ebx, eax
   328 0000006A FFCB                    dec ebx
   329                                  forLp:
   330                                 
   331                                 
   332 0000006C 49C7C200000000          mov r10, 0
   333 00000073 448B149D[00000000]      mov r10d, dword[lst + (rbx*4)]
   334 0000007B 44891425[00000000]      mov dword[tmp], r10d
   335                                 
   336 00000083 49C7C300000000          mov r11, 0
   337 0000008A 4189DB                  mov r11d, ebx
   338                                 
   339 0000008D 4189DB                  mov r11d, ebx
   340                                  forInner:
   341                                 
   342                                 
   343                                 
   344 00000090 48C7C100000000          mov rcx, 0
   345 00000097 41BD00000000            mov r13d, 0
   346 0000009D 4589DD                  mov r13d, r11d
   347 000000A0 4129C5                  sub r13d, eax
   348 000000A3 67428B0CAD[00000000]      mov ecx, dword[lst + (r13d * 4)]
   349 000000AC 6741898B[00000000]      mov dword[lst + r11d], ecx
   350                                 
   351 000000B4 29C3                    sub ebx, eax
   352 000000B6 4139C3                  cmp r11d, eax
   353 000000B9 7300                    jae firstPass
   354 000000BB EBD1                    jmp forInner
   355                                  firstPass:
   356 000000BD 49C7C400000000          mov r12, 0
   357 000000C4 448B2425[00000000]      mov r12d, dword[tmp]
   358 000000CC 463924AD[00000000]      cmp dword[tmp + (r13 * 4)], r12d
   359 000000D4 7700                    ja secondPass
   360 000000D6 EBB6                    jmp forInner
   361                                  secondPass:
   362                                 
   363                                 
   364                                 
   365 000000D8 FFC3                    inc ebx
   366 000000DA 3B1C25[00000000]        cmp ebx, dword[len]
   367 000000E1 7287                    jb forLp
   368                                 
   369                                 
   370                                 
   371 000000E3 F73425[00000000]       div dword[dThree]
   372                                 
   373 000000EA 83F800                 cmp eax, 0
   374 000000ED 0F876FFFFFFF           ja whileLp2
   375                                 
   376                                 
   377                                 
   378                                 
   379                                 
   380 000000F3 48C7C000000000         mov rax, 0
   381 000000FA 8B0425[00000000]       mov eax, dword[lst]
   382 00000101 890425[00000000]       mov dword[min], eax
   383                                 
   384 00000108 48C7C000000000         mov rax, 0
   385 0000010F 48C7C300000000         mov rbx, 0
   386 00000116 8B1C25[00000000]       mov ebx, dword[len]
   387 0000011D 48FFCB                 dec rbx
   388 00000120 678B049D[00000000]     mov eax, dword[lst + (ebx * 4)]
   389 00000128 890425[00000000]       mov dword[max], eax
   390                                 
   391                                 
   392                                 
   393                                 
   394                                 
   395                                 
   396                                 
   397                                 
   398                                 
   399                                 
   400                                 
   401                                 
   402                                 
   403                                 
   404                                 
   405 0000012F 50                      push rax
   406                                 %line 379+0 ast07.asm
   407 00000130 57                      push rdi
   408 00000131 56                      push rsi
   409 00000132 52                      push rdx
   410 00000133 51                      push rcx
   411                                 
   412 00000134 48C7C200000000          mov rdx, 0
   413 0000013B 48C7C7[00000000]        mov rdi, hdr
   414                                 ..@4.countLoop:
   415 00000142 803F00                  cmp byte [rdi], NULL
   416 00000145 7406                    je ..@4.countLoopDone
   417 00000147 48FFC7                  inc rdi
   418 0000014A 48FFC2                  inc rdx
   419 0000014D EBF1                    jmp ..@4.countLoop
   420                                 ..@4.countLoopDone:
   421                                 
   422 0000014F 48C7C001000000          mov rax, SYS_write
   423 00000156 48C7C701000000          mov rdi, STDOUT
   424 0000015D 48C7C6[00000000]        mov rsi, hdr
   425 00000164 0F05                    syscall
   426                                 
   427 00000166 59                      pop rcx
   428 00000167 5A                      pop rdx
   429 00000168 5E                      pop rsi
   430 00000169 5F                      pop rdi
   431 0000016A 58                      pop rax
   432                                 %line 380+1 ast07.asm
   433                                 
   434 0000016B 50                      push rax
   435                                 %line 381+0 ast07.asm
   436 0000016C 57                      push rdi
   437 0000016D 56                      push rsi
   438 0000016E 52                      push rdx
   439 0000016F 51                      push rcx
   440                                 
   441 00000170 48C7C200000000          mov rdx, 0
   442 00000177 48C7C7[00000000]        mov rdi, hdrMin
   443                                 ..@5.countLoop:
   444 0000017E 803F00                  cmp byte [rdi], NULL
   445 00000181 7406                    je ..@5.countLoopDone
   446 00000183 48FFC7                  inc rdi
   447 00000186 48FFC2                  inc rdx
   448 00000189 EBF1                    jmp ..@5.countLoop
   449                                 ..@5.countLoopDone:
   450                                 
   451 0000018B 48C7C001000000          mov rax, SYS_write
   452 00000192 48C7C701000000          mov rdi, STDOUT
   453 00000199 48C7C6[00000000]        mov rsi, hdrMin
   454 000001A0 0F05                    syscall
   455                                 
   456 000001A2 59                      pop rcx
   457 000001A3 5A                      pop rdx
   458 000001A4 5E                      pop rsi
   459 000001A5 5F                      pop rdi
   460 000001A6 58                      pop rax
   461                                 %line 382+1 ast07.asm
   462                                 
   463                                 %line 382+0 ast07.asm
   464                                 
   465                                 
   466                                 
   467                                 
   468 000001A7 50                     push rax
   469 000001A8 53                     push rbx
   470 000001A9 51                     push rcx
   471 000001AA 52                     push rdx
   472 000001AB 4151                   push r9
   473 000001AD 4152                   push r10
   474 000001AF 4153                   push r11
   475 000001B1 4154                   push r12
   476                                 
   477                                 
   478 000001B3 48C7C000000000         mov rax, 0
   479 000001BA 48C7C300000000         mov rbx, 0
   480 000001C1 48C7C100000000         mov rcx, 0
   481 000001C8 48C7C200000000         mov rdx, 0
   482 000001CF 49C7C100000000         mov r9, 0
   483 000001D6 41B924000000           mov r9d, 36
   484 000001DC 49C7C200000000         mov r10, 0
   485 000001E3 49C7C300000000         mov r11, 0
   486 000001EA 49C7C400000000         mov r12, 0
   487 000001F1 8B0425[00000000]       mov eax, dword[min]
   488 000001F8 4C8D2425[00000000]     lea r12, [tmpString]
   489                                 
   490                                 
   491                                 ..@6.convert2String:
   492 00000200 41F7F1                 div r9d
   493 00000203 4189D2                 mov r10d, edx
   494 00000206 48C7C200000000         mov rdx, 0
   495 0000020D 4488D3                 mov bl, r10b
   496 00000210 80FB0A                 cmp bl, 10
   497 00000213 7D0A                   jge ..@6.isAlphaInt
   498                                 
   499 00000215 80C330                 add bl, "0"
   500 00000218 4188DB                 mov r11b, bl
   501 0000021B 4153                   push r11
   502 0000021D FFC1                   inc ecx
   503                                 
   504 0000021F EB0B                   jmp ..@6.doneInt
   505                                 ..@6.isAlphaInt:
   506                                 
   507 00000221 80EB0A                 sub bl, 10
   508 00000224 80C341                 add bl, "A"
   509 00000227 4188DB                 mov r11b, bl
   510 0000022A 4153                   push r11
   511 0000022C FFC1                   inc ecx
   512                                 
   513                                 
   514                                 ..@6.doneInt:
   515 0000022E 83F800                 cmp eax, 0
   516 00000231 75CB                   jne ..@6.convert2String
   517 00000233 49C7C100000000         mov r9, 0
   518                                 ..@6.moveToString:
   519 0000023A 48C7C000000000         mov rax, 0
   520 00000241 415B                   pop r11
   521 00000243 4488D8                 mov al, r11b
   522 00000246 4388040C               mov byte[r12 + r9], al
   523                                 
   524                                 
   525 0000024A 49FFC1                 inc r9
   526 0000024D FFC9                   dec ecx
   527 0000024F 83F900                 cmp ecx, 0
   528 00000252 7DE4                   jge ..@6.moveToString
   529 00000254 49FFC9                 dec r9
   530 00000257 43C6040C00              mov byte[r12 + r9], NULL
   531                                 
   532                                 
   533 0000025C 58                     pop rax
   534 0000025D 5B                     pop rbx
   535 0000025E 59                     pop rcx
   536 0000025F 5A                     pop rdx
   537 00000260 4159                   pop r9
   538 00000262 415A                   pop r10
   539 00000264 415B                   pop r11
   540 00000266 415C                   pop r12
   541                                 
   542                                 
   543                                 
   544                                 %line 383+1 ast07.asm
   545 00000268 50                      push rax
   546                                 %line 383+0 ast07.asm
   547 00000269 57                      push rdi
   548 0000026A 56                      push rsi
   549 0000026B 52                      push rdx
   550 0000026C 51                      push rcx
   551                                 
   552 0000026D 48C7C200000000          mov rdx, 0
   553 00000274 48C7C7[00000000]        mov rdi, tmpString
   554                                 ..@7.countLoop:
   555 0000027B 803F00                  cmp byte [rdi], NULL
   556 0000027E 7406                    je ..@7.countLoopDone
   557 00000280 48FFC7                  inc rdi
   558 00000283 48FFC2                  inc rdx
   559 00000286 EBF1                    jmp ..@7.countLoop
   560                                 ..@7.countLoopDone:
   561                                 
   562 00000288 48C7C001000000          mov rax, SYS_write
   563 0000028F 48C7C701000000          mov rdi, STDOUT
   564 00000296 48C7C6[00000000]        mov rsi, tmpString
   565 0000029D 0F05                    syscall
   566                                 
   567 0000029F 59                      pop rcx
   568 000002A0 5A                      pop rdx
   569 000002A1 5E                      pop rsi
   570 000002A2 5F                      pop rdi
   571 000002A3 58                      pop rax
   572                                 %line 384+1 ast07.asm
   573 000002A4 50                      push rax
   574                                 %line 384+0 ast07.asm
   575 000002A5 57                      push rdi
   576 000002A6 56                      push rsi
   577 000002A7 52                      push rdx
   578 000002A8 51                      push rcx
   579                                 
   580 000002A9 48C7C200000000          mov rdx, 0
   581 000002B0 48C7C7[00000000]        mov rdi, newLine
   582                                 ..@8.countLoop:
   583 000002B7 803F00                  cmp byte [rdi], NULL
   584 000002BA 7406                    je ..@8.countLoopDone
   585 000002BC 48FFC7                  inc rdi
   586 000002BF 48FFC2                  inc rdx
   587 000002C2 EBF1                    jmp ..@8.countLoop
   588                                 ..@8.countLoopDone:
   589                                 
   590 000002C4 48C7C001000000          mov rax, SYS_write
   591 000002CB 48C7C701000000          mov rdi, STDOUT
   592 000002D2 48C7C6[00000000]        mov rsi, newLine
   593 000002D9 0F05                    syscall
   594                                 
   595 000002DB 59                      pop rcx
   596 000002DC 5A                      pop rdx
   597 000002DD 5E                      pop rsi
   598 000002DE 5F                      pop rdi
   599 000002DF 58                      pop rax
   600                                 %line 385+1 ast07.asm
   601                                 
   602 000002E0 50                      push rax
   603                                 %line 386+0 ast07.asm
   604 000002E1 57                      push rdi
   605 000002E2 56                      push rsi
   606 000002E3 52                      push rdx
   607 000002E4 51                      push rcx
   608                                 
   609 000002E5 48C7C200000000          mov rdx, 0
   610 000002EC 48C7C7[00000000]        mov rdi, hdrMax
   611                                 ..@9.countLoop:
   612 000002F3 803F00                  cmp byte [rdi], NULL
   613 000002F6 7406                    je ..@9.countLoopDone
   614 000002F8 48FFC7                  inc rdi
   615 000002FB 48FFC2                  inc rdx
   616 000002FE EBF1                    jmp ..@9.countLoop
   617                                 ..@9.countLoopDone:
   618                                 
   619 00000300 48C7C001000000          mov rax, SYS_write
   620 00000307 48C7C701000000          mov rdi, STDOUT
   621 0000030E 48C7C6[00000000]        mov rsi, hdrMax
   622 00000315 0F05                    syscall
   623                                 
   624 00000317 59                      pop rcx
   625 00000318 5A                      pop rdx
   626 00000319 5E                      pop rsi
   627 0000031A 5F                      pop rdi
   628 0000031B 58                      pop rax
   629                                 %line 387+1 ast07.asm
   630                                 
   631                                 %line 387+0 ast07.asm
   632                                 
   633                                 
   634                                 
   635                                 
   636 0000031C 50                     push rax
   637 0000031D 53                     push rbx
   638 0000031E 51                     push rcx
   639 0000031F 52                     push rdx
   640 00000320 4151                   push r9
   641 00000322 4152                   push r10
   642 00000324 4153                   push r11
   643 00000326 4154                   push r12
   644                                 
   645                                 
   646 00000328 48C7C000000000         mov rax, 0
   647 0000032F 48C7C300000000         mov rbx, 0
   648 00000336 48C7C100000000         mov rcx, 0
   649 0000033D 48C7C200000000         mov rdx, 0
   650 00000344 49C7C100000000         mov r9, 0
   651 0000034B 41B924000000           mov r9d, 36
   652 00000351 49C7C200000000         mov r10, 0
   653 00000358 49C7C300000000         mov r11, 0
   654 0000035F 49C7C400000000         mov r12, 0
   655 00000366 8B0425[00000000]       mov eax, dword[max]
   656 0000036D 4C8D2425[00000000]     lea r12, [tmpString]
   657                                 
   658                                 
   659                                 ..@10.convert2String:
   660 00000375 41F7F1                 div r9d
   661 00000378 4189D2                 mov r10d, edx
   662 0000037B 48C7C200000000         mov rdx, 0
   663 00000382 4488D3                 mov bl, r10b
   664 00000385 80FB0A                 cmp bl, 10
   665 00000388 7D0A                   jge ..@10.isAlphaInt
   666                                 
   667 0000038A 80C330                 add bl, "0"
   668 0000038D 4188DB                 mov r11b, bl
   669 00000390 4153                   push r11
   670 00000392 FFC1                   inc ecx
   671                                 
   672 00000394 EB0B                   jmp ..@10.doneInt
   673                                 ..@10.isAlphaInt:
   674                                 
   675 00000396 80EB0A                 sub bl, 10
   676 00000399 80C341                 add bl, "A"
   677 0000039C 4188DB                 mov r11b, bl
   678 0000039F 4153                   push r11
   679 000003A1 FFC1                   inc ecx
   680                                 
   681                                 
   682                                 ..@10.doneInt:
   683 000003A3 83F800                 cmp eax, 0
   684 000003A6 75CB                   jne ..@10.convert2String
   685 000003A8 49C7C100000000         mov r9, 0
   686                                 ..@10.moveToString:
   687 000003AF 48C7C000000000         mov rax, 0
   688 000003B6 415B                   pop r11
   689 000003B8 4488D8                 mov al, r11b
   690 000003BB 4388040C               mov byte[r12 + r9], al
   691                                 
   692                                 
   693 000003BF 49FFC1                 inc r9
   694 000003C2 FFC9                   dec ecx
   695 000003C4 83F900                 cmp ecx, 0
   696 000003C7 7DE4                   jge ..@10.moveToString
   697 000003C9 49FFC9                 dec r9
   698 000003CC 43C6040C00              mov byte[r12 + r9], NULL
   699                                 
   700                                 
   701 000003D1 58                     pop rax
   702 000003D2 5B                     pop rbx
   703 000003D3 59                     pop rcx
   704 000003D4 5A                     pop rdx
   705 000003D5 4159                   pop r9
   706 000003D7 415A                   pop r10
   707 000003D9 415B                   pop r11
   708 000003DB 415C                   pop r12
   709                                 
   710                                 
   711                                 
   712                                 %line 388+1 ast07.asm
   713 000003DD 50                      push rax
   714                                 %line 388+0 ast07.asm
   715 000003DE 57                      push rdi
   716 000003DF 56                      push rsi
   717 000003E0 52                      push rdx
   718 000003E1 51                      push rcx
   719                                 
   720 000003E2 48C7C200000000          mov rdx, 0
   721 000003E9 48C7C7[00000000]        mov rdi, tmpString
   722                                 ..@11.countLoop:
   723 000003F0 803F00                  cmp byte [rdi], NULL
   724 000003F3 7406                    je ..@11.countLoopDone
   725 000003F5 48FFC7                  inc rdi
   726 000003F8 48FFC2                  inc rdx
   727 000003FB EBF1                    jmp ..@11.countLoop
   728                                 ..@11.countLoopDone:
   729                                 
   730 000003FD 48C7C001000000          mov rax, SYS_write
   731 00000404 48C7C701000000          mov rdi, STDOUT
   732 0000040B 48C7C6[00000000]        mov rsi, tmpString
   733 00000412 0F05                    syscall
   734                                 
   735 00000414 59                      pop rcx
   736 00000415 5A                      pop rdx
   737 00000416 5E                      pop rsi
   738 00000417 5F                      pop rdi
   739 00000418 58                      pop rax
   740                                 %line 389+1 ast07.asm
   741 00000419 50                      push rax
   742                                 %line 389+0 ast07.asm
   743 0000041A 57                      push rdi
   744 0000041B 56                      push rsi
   745 0000041C 52                      push rdx
   746 0000041D 51                      push rcx
   747                                 
   748 0000041E 48C7C200000000          mov rdx, 0
   749 00000425 48C7C7[00000000]        mov rdi, newLine
   750                                 ..@12.countLoop:
   751 0000042C 803F00                  cmp byte [rdi], NULL
   752 0000042F 7406                    je ..@12.countLoopDone
   753 00000431 48FFC7                  inc rdi
   754 00000434 48FFC2                  inc rdx
   755 00000437 EBF1                    jmp ..@12.countLoop
   756                                 ..@12.countLoopDone:
   757                                 
   758 00000439 48C7C001000000          mov rax, SYS_write
   759 00000440 48C7C701000000          mov rdi, STDOUT
   760 00000447 48C7C6[00000000]        mov rsi, newLine
   761 0000044E 0F05                    syscall
   762                                 
   763 00000450 59                      pop rcx
   764 00000451 5A                      pop rdx
   765 00000452 5E                      pop rsi
   766 00000453 5F                      pop rdi
   767 00000454 58                      pop rax
   768                                 %line 390+1 ast07.asm
   769                                 
   770 00000455 50                      push rax
   771                                 %line 391+0 ast07.asm
   772 00000456 57                      push rdi
   773 00000457 56                      push rsi
   774 00000458 52                      push rdx
   775 00000459 51                      push rcx
   776                                 
   777 0000045A 48C7C200000000          mov rdx, 0
   778 00000461 48C7C7[00000000]        mov rdi, hdrMed
   779                                 ..@13.countLoop:
   780 00000468 803F00                  cmp byte [rdi], NULL
   781 0000046B 7406                    je ..@13.countLoopDone
   782 0000046D 48FFC7                  inc rdi
   783 00000470 48FFC2                  inc rdx
   784 00000473 EBF1                    jmp ..@13.countLoop
   785                                 ..@13.countLoopDone:
   786                                 
   787 00000475 48C7C001000000          mov rax, SYS_write
   788 0000047C 48C7C701000000          mov rdi, STDOUT
   789 00000483 48C7C6[00000000]        mov rsi, hdrMed
   790 0000048A 0F05                    syscall
   791                                 
   792 0000048C 59                      pop rcx
   793 0000048D 5A                      pop rdx
   794 0000048E 5E                      pop rsi
   795 0000048F 5F                      pop rdi
   796 00000490 58                      pop rax
   797                                 %line 392+1 ast07.asm
   798                                 
   799                                 %line 392+0 ast07.asm
   800                                 
   801                                 
   802                                 
   803                                 
   804 00000491 50                     push rax
   805 00000492 53                     push rbx
   806 00000493 51                     push rcx
   807 00000494 52                     push rdx
   808 00000495 4151                   push r9
   809 00000497 4152                   push r10
   810 00000499 4153                   push r11
   811 0000049B 4154                   push r12
   812                                 
   813                                 
   814 0000049D 48C7C000000000         mov rax, 0
   815 000004A4 48C7C300000000         mov rbx, 0
   816 000004AB 48C7C100000000         mov rcx, 0
   817 000004B2 48C7C200000000         mov rdx, 0
   818 000004B9 49C7C100000000         mov r9, 0
   819 000004C0 41B924000000           mov r9d, 36
   820 000004C6 49C7C200000000         mov r10, 0
   821 000004CD 49C7C300000000         mov r11, 0
   822 000004D4 49C7C400000000         mov r12, 0
   823 000004DB 8B0425[00000000]       mov eax, dword[med]
   824 000004E2 4C8D2425[00000000]     lea r12, [tmpString]
   825                                 
   826                                 
   827                                 ..@14.convert2String:
   828 000004EA 41F7F1                 div r9d
   829 000004ED 4189D2                 mov r10d, edx
   830 000004F0 48C7C200000000         mov rdx, 0
   831 000004F7 4488D3                 mov bl, r10b
   832 000004FA 80FB0A                 cmp bl, 10
   833 000004FD 7D0A                   jge ..@14.isAlphaInt
   834                                 
   835 000004FF 80C330                 add bl, "0"
   836 00000502 4188DB                 mov r11b, bl
   837 00000505 4153                   push r11
   838 00000507 FFC1                   inc ecx
   839                                 
   840 00000509 EB0B                   jmp ..@14.doneInt
   841                                 ..@14.isAlphaInt:
   842                                 
   843 0000050B 80EB0A                 sub bl, 10
   844 0000050E 80C341                 add bl, "A"
   845 00000511 4188DB                 mov r11b, bl
   846 00000514 4153                   push r11
   847 00000516 FFC1                   inc ecx
   848                                 
   849                                 
   850                                 ..@14.doneInt:
   851 00000518 83F800                 cmp eax, 0
   852 0000051B 75CB                   jne ..@14.convert2String
   853 0000051D 49C7C100000000         mov r9, 0
   854                                 ..@14.moveToString:
   855 00000524 48C7C000000000         mov rax, 0
   856 0000052B 415B                   pop r11
   857 0000052D 4488D8                 mov al, r11b
   858 00000530 4388040C               mov byte[r12 + r9], al
   859                                 
   860                                 
   861 00000534 49FFC1                 inc r9
   862 00000537 FFC9                   dec ecx
   863 00000539 83F900                 cmp ecx, 0
   864 0000053C 7DE4                   jge ..@14.moveToString
   865 0000053E 49FFC9                 dec r9
   866 00000541 43C6040C00              mov byte[r12 + r9], NULL
   867                                 
   868                                 
   869 00000546 58                     pop rax
   870 00000547 5B                     pop rbx
   871 00000548 59                     pop rcx
   872 00000549 5A                     pop rdx
   873 0000054A 4159                   pop r9
   874 0000054C 415A                   pop r10
   875 0000054E 415B                   pop r11
   876 00000550 415C                   pop r12
   877                                 
   878                                 
   879                                 
   880                                 %line 393+1 ast07.asm
   881 00000552 50                      push rax
   882                                 %line 393+0 ast07.asm
   883 00000553 57                      push rdi
   884 00000554 56                      push rsi
   885 00000555 52                      push rdx
   886 00000556 51                      push rcx
   887                                 
   888 00000557 48C7C200000000          mov rdx, 0
   889 0000055E 48C7C7[00000000]        mov rdi, tmpString
   890                                 ..@15.countLoop:
   891 00000565 803F00                  cmp byte [rdi], NULL
   892 00000568 7406                    je ..@15.countLoopDone
   893 0000056A 48FFC7                  inc rdi
   894 0000056D 48FFC2                  inc rdx
   895 00000570 EBF1                    jmp ..@15.countLoop
   896                                 ..@15.countLoopDone:
   897                                 
   898 00000572 48C7C001000000          mov rax, SYS_write
   899 00000579 48C7C701000000          mov rdi, STDOUT
   900 00000580 48C7C6[00000000]        mov rsi, tmpString
   901 00000587 0F05                    syscall
   902                                 
   903 00000589 59                      pop rcx
   904 0000058A 5A                      pop rdx
   905 0000058B 5E                      pop rsi
   906 0000058C 5F                      pop rdi
   907 0000058D 58                      pop rax
   908                                 %line 394+1 ast07.asm
   909 0000058E 50                      push rax
   910                                 %line 394+0 ast07.asm
   911 0000058F 57                      push rdi
   912 00000590 56                      push rsi
   913 00000591 52                      push rdx
   914 00000592 51                      push rcx
   915                                 
   916 00000593 48C7C200000000          mov rdx, 0
   917 0000059A 48C7C7[00000000]        mov rdi, newLine
   918                                 ..@16.countLoop:
   919 000005A1 803F00                  cmp byte [rdi], NULL
   920 000005A4 7406                    je ..@16.countLoopDone
   921 000005A6 48FFC7                  inc rdi
   922 000005A9 48FFC2                  inc rdx
   923 000005AC EBF1                    jmp ..@16.countLoop
   924                                 ..@16.countLoopDone:
   925                                 
   926 000005AE 48C7C001000000          mov rax, SYS_write
   927 000005B5 48C7C701000000          mov rdi, STDOUT
   928 000005BC 48C7C6[00000000]        mov rsi, newLine
   929 000005C3 0F05                    syscall
   930                                 
   931 000005C5 59                      pop rcx
   932 000005C6 5A                      pop rdx
   933 000005C7 5E                      pop rsi
   934 000005C8 5F                      pop rdi
   935 000005C9 58                      pop rax
   936                                 %line 395+1 ast07.asm
   937                                 
   938 000005CA 50                      push rax
   939                                 %line 396+0 ast07.asm
   940 000005CB 57                      push rdi
   941 000005CC 56                      push rsi
   942 000005CD 52                      push rdx
   943 000005CE 51                      push rcx
   944                                 
   945 000005CF 48C7C200000000          mov rdx, 0
   946 000005D6 48C7C7[00000000]        mov rdi, hdrSum
   947                                 ..@17.countLoop:
   948 000005DD 803F00                  cmp byte [rdi], NULL
   949 000005E0 7406                    je ..@17.countLoopDone
   950 000005E2 48FFC7                  inc rdi
   951 000005E5 48FFC2                  inc rdx
   952 000005E8 EBF1                    jmp ..@17.countLoop
   953                                 ..@17.countLoopDone:
   954                                 
   955 000005EA 48C7C001000000          mov rax, SYS_write
   956 000005F1 48C7C701000000          mov rdi, STDOUT
   957 000005F8 48C7C6[00000000]        mov rsi, hdrSum
   958 000005FF 0F05                    syscall
   959                                 
   960 00000601 59                      pop rcx
   961 00000602 5A                      pop rdx
   962 00000603 5E                      pop rsi
   963 00000604 5F                      pop rdi
   964 00000605 58                      pop rax
   965                                 %line 397+1 ast07.asm
   966                                 
   967                                 %line 397+0 ast07.asm
   968                                 
   969                                 
   970                                 
   971                                 
   972 00000606 50                     push rax
   973 00000607 53                     push rbx
   974 00000608 51                     push rcx
   975 00000609 52                     push rdx
   976 0000060A 4151                   push r9
   977 0000060C 4152                   push r10
   978 0000060E 4153                   push r11
   979 00000610 4154                   push r12
   980                                 
   981                                 
   982 00000612 48C7C000000000         mov rax, 0
   983 00000619 48C7C300000000         mov rbx, 0
   984 00000620 48C7C100000000         mov rcx, 0
   985 00000627 48C7C200000000         mov rdx, 0
   986 0000062E 49C7C100000000         mov r9, 0
   987 00000635 41B924000000           mov r9d, 36
   988 0000063B 49C7C200000000         mov r10, 0
   989 00000642 49C7C300000000         mov r11, 0
   990 00000649 49C7C400000000         mov r12, 0
   991 00000650 8B0425[00000000]       mov eax, dword[sum]
   992 00000657 4C8D2425[00000000]     lea r12, [tmpString]
   993                                 
   994                                 
   995                                 ..@18.convert2String:
   996 0000065F 41F7F1                 div r9d
   997 00000662 4189D2                 mov r10d, edx
   998 00000665 48C7C200000000         mov rdx, 0
   999 0000066C 4488D3                 mov bl, r10b
  1000 0000066F 80FB0A                 cmp bl, 10
  1001 00000672 7D0A                   jge ..@18.isAlphaInt
  1002                                 
  1003 00000674 80C330                 add bl, "0"
  1004 00000677 4188DB                 mov r11b, bl
  1005 0000067A 4153                   push r11
  1006 0000067C FFC1                   inc ecx
  1007                                 
  1008 0000067E EB0B                   jmp ..@18.doneInt
  1009                                 ..@18.isAlphaInt:
  1010                                 
  1011 00000680 80EB0A                 sub bl, 10
  1012 00000683 80C341                 add bl, "A"
  1013 00000686 4188DB                 mov r11b, bl
  1014 00000689 4153                   push r11
  1015 0000068B FFC1                   inc ecx
  1016                                 
  1017                                 
  1018                                 ..@18.doneInt:
  1019 0000068D 83F800                 cmp eax, 0
  1020 00000690 75CB                   jne ..@18.convert2String
  1021 00000692 49C7C100000000         mov r9, 0
  1022                                 ..@18.moveToString:
  1023 00000699 48C7C000000000         mov rax, 0
  1024 000006A0 415B                   pop r11
  1025 000006A2 4488D8                 mov al, r11b
  1026 000006A5 4388040C               mov byte[r12 + r9], al
  1027                                 
  1028                                 
  1029 000006A9 49FFC1                 inc r9
  1030 000006AC FFC9                   dec ecx
  1031 000006AE 83F900                 cmp ecx, 0
  1032 000006B1 7DE4                   jge ..@18.moveToString
  1033 000006B3 49FFC9                 dec r9
  1034 000006B6 43C6040C00              mov byte[r12 + r9], NULL
  1035                                 
  1036                                 
  1037 000006BB 58                     pop rax
  1038 000006BC 5B                     pop rbx
  1039 000006BD 59                     pop rcx
  1040 000006BE 5A                     pop rdx
  1041 000006BF 4159                   pop r9
  1042 000006C1 415A                   pop r10
  1043 000006C3 415B                   pop r11
  1044 000006C5 415C                   pop r12
  1045                                 
  1046                                 
  1047                                 
  1048                                 %line 398+1 ast07.asm
  1049 000006C7 50                      push rax
  1050                                 %line 398+0 ast07.asm
  1051 000006C8 57                      push rdi
  1052 000006C9 56                      push rsi
  1053 000006CA 52                      push rdx
  1054 000006CB 51                      push rcx
  1055                                 
  1056 000006CC 48C7C200000000          mov rdx, 0
  1057 000006D3 48C7C7[00000000]        mov rdi, tmpString
  1058                                 ..@19.countLoop:
  1059 000006DA 803F00                  cmp byte [rdi], NULL
  1060 000006DD 7406                    je ..@19.countLoopDone
  1061 000006DF 48FFC7                  inc rdi
  1062 000006E2 48FFC2                  inc rdx
  1063 000006E5 EBF1                    jmp ..@19.countLoop
  1064                                 ..@19.countLoopDone:
  1065                                 
  1066 000006E7 48C7C001000000          mov rax, SYS_write
  1067 000006EE 48C7C701000000          mov rdi, STDOUT
  1068 000006F5 48C7C6[00000000]        mov rsi, tmpString
  1069 000006FC 0F05                    syscall
  1070                                 
  1071 000006FE 59                      pop rcx
  1072 000006FF 5A                      pop rdx
  1073 00000700 5E                      pop rsi
  1074 00000701 5F                      pop rdi
  1075 00000702 58                      pop rax
  1076                                 %line 399+1 ast07.asm
  1077 00000703 50                      push rax
  1078                                 %line 399+0 ast07.asm
  1079 00000704 57                      push rdi
  1080 00000705 56                      push rsi
  1081 00000706 52                      push rdx
  1082 00000707 51                      push rcx
  1083                                 
  1084 00000708 48C7C200000000          mov rdx, 0
  1085 0000070F 48C7C7[00000000]        mov rdi, newLine
  1086                                 ..@20.countLoop:
  1087 00000716 803F00                  cmp byte [rdi], NULL
  1088 00000719 7406                    je ..@20.countLoopDone
  1089 0000071B 48FFC7                  inc rdi
  1090 0000071E 48FFC2                  inc rdx
  1091 00000721 EBF1                    jmp ..@20.countLoop
  1092                                 ..@20.countLoopDone:
  1093                                 
  1094 00000723 48C7C001000000          mov rax, SYS_write
  1095 0000072A 48C7C701000000          mov rdi, STDOUT
  1096 00000731 48C7C6[00000000]        mov rsi, newLine
  1097 00000738 0F05                    syscall
  1098                                 
  1099 0000073A 59                      pop rcx
  1100 0000073B 5A                      pop rdx
  1101 0000073C 5E                      pop rsi
  1102 0000073D 5F                      pop rdi
  1103 0000073E 58                      pop rax
  1104                                 %line 400+1 ast07.asm
  1105                                 
  1106 0000073F 50                      push rax
  1107                                 %line 401+0 ast07.asm
  1108 00000740 57                      push rdi
  1109 00000741 56                      push rsi
  1110 00000742 52                      push rdx
  1111 00000743 51                      push rcx
  1112                                 
  1113 00000744 48C7C200000000          mov rdx, 0
  1114 0000074B 48C7C7[00000000]        mov rdi, hdrAve
  1115                                 ..@21.countLoop:
  1116 00000752 803F00                  cmp byte [rdi], NULL
  1117 00000755 7406                    je ..@21.countLoopDone
  1118 00000757 48FFC7                  inc rdi
  1119 0000075A 48FFC2                  inc rdx
  1120 0000075D EBF1                    jmp ..@21.countLoop
  1121                                 ..@21.countLoopDone:
  1122                                 
  1123 0000075F 48C7C001000000          mov rax, SYS_write
  1124 00000766 48C7C701000000          mov rdi, STDOUT
  1125 0000076D 48C7C6[00000000]        mov rsi, hdrAve
  1126 00000774 0F05                    syscall
  1127                                 
  1128 00000776 59                      pop rcx
  1129 00000777 5A                      pop rdx
  1130 00000778 5E                      pop rsi
  1131 00000779 5F                      pop rdi
  1132 0000077A 58                      pop rax
  1133                                 %line 402+1 ast07.asm
  1134                                 
  1135                                 %line 402+0 ast07.asm
  1136                                 
  1137                                 
  1138                                 
  1139                                 
  1140 0000077B 50                     push rax
  1141 0000077C 53                     push rbx
  1142 0000077D 51                     push rcx
  1143 0000077E 52                     push rdx
  1144 0000077F 4151                   push r9
  1145 00000781 4152                   push r10
  1146 00000783 4153                   push r11
  1147 00000785 4154                   push r12
  1148                                 
  1149                                 
  1150 00000787 48C7C000000000         mov rax, 0
  1151 0000078E 48C7C300000000         mov rbx, 0
  1152 00000795 48C7C100000000         mov rcx, 0
  1153 0000079C 48C7C200000000         mov rdx, 0
  1154 000007A3 49C7C100000000         mov r9, 0
  1155 000007AA 41B924000000           mov r9d, 36
  1156 000007B0 49C7C200000000         mov r10, 0
  1157 000007B7 49C7C300000000         mov r11, 0
  1158 000007BE 49C7C400000000         mov r12, 0
  1159 000007C5 8B0425[00000000]       mov eax, dword[avg]
  1160 000007CC 4C8D2425[00000000]     lea r12, [tmpString]
  1161                                 
  1162                                 
  1163                                 ..@22.convert2String:
  1164 000007D4 41F7F1                 div r9d
  1165 000007D7 4189D2                 mov r10d, edx
  1166 000007DA 48C7C200000000         mov rdx, 0
  1167 000007E1 4488D3                 mov bl, r10b
  1168 000007E4 80FB0A                 cmp bl, 10
  1169 000007E7 7D0A                   jge ..@22.isAlphaInt
  1170                                 
  1171 000007E9 80C330                 add bl, "0"
  1172 000007EC 4188DB                 mov r11b, bl
  1173 000007EF 4153                   push r11
  1174 000007F1 FFC1                   inc ecx
  1175                                 
  1176 000007F3 EB0B                   jmp ..@22.doneInt
  1177                                 ..@22.isAlphaInt:
  1178                                 
  1179 000007F5 80EB0A                 sub bl, 10
  1180 000007F8 80C341                 add bl, "A"
  1181 000007FB 4188DB                 mov r11b, bl
  1182 000007FE 4153                   push r11
  1183 00000800 FFC1                   inc ecx
  1184                                 
  1185                                 
  1186                                 ..@22.doneInt:
  1187 00000802 83F800                 cmp eax, 0
  1188 00000805 75CB                   jne ..@22.convert2String
  1189 00000807 49C7C100000000         mov r9, 0
  1190                                 ..@22.moveToString:
  1191 0000080E 48C7C000000000         mov rax, 0
  1192 00000815 415B                   pop r11
  1193 00000817 4488D8                 mov al, r11b
  1194 0000081A 4388040C               mov byte[r12 + r9], al
  1195                                 
  1196                                 
  1197 0000081E 49FFC1                 inc r9
  1198 00000821 FFC9                   dec ecx
  1199 00000823 83F900                 cmp ecx, 0
  1200 00000826 7DE4                   jge ..@22.moveToString
  1201 00000828 49FFC9                 dec r9
  1202 0000082B 43C6040C00              mov byte[r12 + r9], NULL
  1203                                 
  1204                                 
  1205 00000830 58                     pop rax
  1206 00000831 5B                     pop rbx
  1207 00000832 59                     pop rcx
  1208 00000833 5A                     pop rdx
  1209 00000834 4159                   pop r9
  1210 00000836 415A                   pop r10
  1211 00000838 415B                   pop r11
  1212 0000083A 415C                   pop r12
  1213                                 
  1214                                 
  1215                                 
  1216                                 %line 403+1 ast07.asm
  1217 0000083C 50                      push rax
  1218                                 %line 403+0 ast07.asm
  1219 0000083D 57                      push rdi
  1220 0000083E 56                      push rsi
  1221 0000083F 52                      push rdx
  1222 00000840 51                      push rcx
  1223                                 
  1224 00000841 48C7C200000000          mov rdx, 0
  1225 00000848 48C7C7[00000000]        mov rdi, tmpString
  1226                                 ..@23.countLoop:
  1227 0000084F 803F00                  cmp byte [rdi], NULL
  1228 00000852 7406                    je ..@23.countLoopDone
  1229 00000854 48FFC7                  inc rdi
  1230 00000857 48FFC2                  inc rdx
  1231 0000085A EBF1                    jmp ..@23.countLoop
  1232                                 ..@23.countLoopDone:
  1233                                 
  1234 0000085C 48C7C001000000          mov rax, SYS_write
  1235 00000863 48C7C701000000          mov rdi, STDOUT
  1236 0000086A 48C7C6[00000000]        mov rsi, tmpString
  1237 00000871 0F05                    syscall
  1238                                 
  1239 00000873 59                      pop rcx
  1240 00000874 5A                      pop rdx
  1241 00000875 5E                      pop rsi
  1242 00000876 5F                      pop rdi
  1243 00000877 58                      pop rax
  1244                                 %line 404+1 ast07.asm
  1245 00000878 50                      push rax
  1246                                 %line 404+0 ast07.asm
  1247 00000879 57                      push rdi
  1248 0000087A 56                      push rsi
  1249 0000087B 52                      push rdx
  1250 0000087C 51                      push rcx
  1251                                 
  1252 0000087D 48C7C200000000          mov rdx, 0
  1253 00000884 48C7C7[00000000]        mov rdi, newLine
  1254                                 ..@24.countLoop:
  1255 0000088B 803F00                  cmp byte [rdi], NULL
  1256 0000088E 7406                    je ..@24.countLoopDone
  1257 00000890 48FFC7                  inc rdi
  1258 00000893 48FFC2                  inc rdx
  1259 00000896 EBF1                    jmp ..@24.countLoop
  1260                                 ..@24.countLoopDone:
  1261                                 
  1262 00000898 48C7C001000000          mov rax, SYS_write
  1263 0000089F 48C7C701000000          mov rdi, STDOUT
  1264 000008A6 48C7C6[00000000]        mov rsi, newLine
  1265 000008AD 0F05                    syscall
  1266                                 
  1267 000008AF 59                      pop rcx
  1268 000008B0 5A                      pop rdx
  1269 000008B1 5E                      pop rsi
  1270 000008B2 5F                      pop rdi
  1271 000008B3 58                      pop rax
  1272                                 %line 405+1 ast07.asm
  1273 000008B4 50                      push rax
  1274                                 %line 405+0 ast07.asm
  1275 000008B5 57                      push rdi
  1276 000008B6 56                      push rsi
  1277 000008B7 52                      push rdx
  1278 000008B8 51                      push rcx
  1279                                 
  1280 000008B9 48C7C200000000          mov rdx, 0
  1281 000008C0 48C7C7[00000000]        mov rdi, newLine
  1282                                 ..@25.countLoop:
  1283 000008C7 803F00                  cmp byte [rdi], NULL
  1284 000008CA 7406                    je ..@25.countLoopDone
  1285 000008CC 48FFC7                  inc rdi
  1286 000008CF 48FFC2                  inc rdx
  1287 000008D2 EBF1                    jmp ..@25.countLoop
  1288                                 ..@25.countLoopDone:
  1289                                 
  1290 000008D4 48C7C001000000          mov rax, SYS_write
  1291 000008DB 48C7C701000000          mov rdi, STDOUT
  1292 000008E2 48C7C6[00000000]        mov rsi, newLine
  1293 000008E9 0F05                    syscall
  1294                                 
  1295 000008EB 59                      pop rcx
  1296 000008EC 5A                      pop rdx
  1297 000008ED 5E                      pop rsi
  1298 000008EE 5F                      pop rdi
  1299 000008EF 58                      pop rax
  1300                                 %line 406+1 ast07.asm
  1301                                 
  1302                                 
  1303                                 
  1304                                 
  1305                                 last:
  1306 000008F0 48C7C03C000000          mov rax, SYS_exit
  1307 000008F7 48C7C300000000          mov rbx, EXIT_SUCCESS
  1308 000008FE 0F05                    syscall
  1309                                 
